# JRE version: OpenJDK Runtime Environment (8.0_202-b03) (build 1.8.0_202-release-1483-b03)
# Java VM: OpenJDK 64-Bit Server VM (25.202-b03 mixed mode windows-amd64 compressed oops)
Heap:
 PSYoungGen      total 266240K, used 40809K [0x00000000e0000000, 0x00000000f5000000, 0x0000000100000000)
  eden space 223744K, 11% used [0x00000000e0000000,0x00000000e18b1670,0x00000000eda80000)
  from space 42496K, 36% used [0x00000000eda80000,0x00000000ee9a8fd8,0x00000000f0400000)
  to   space 42496K, 0% used [0x00000000f2680000,0x00000000f2680000,0x00000000f5000000)
 ParOldGen       total 125440K, used 101940K [0x00000000a0000000, 0x00000000a7a80000, 0x00000000e0000000)
  object space 125440K, 81% used [0x00000000a0000000,0x00000000a638d0b0,0x00000000a7a80000)
 Metaspace       used 106514K, capacity 113902K, committed 114048K, reserved 1148928K
  class space    used 13389K, capacity 14631K, committed 14720K, reserved 1048576K
GC Heap History (10 events):
Event: 6854.000 GC heap before
{Heap before GC invocations=63 (full 4):
 PSYoungGen      total 215552K, used 208515K [0x00000000e0000000, 0x00000000efb80000, 0x0000000100000000)
  eden space 178176K, 100% used [0x00000000e0000000,0x00000000eae00000,0x00000000eae00000)
  from space 37376K, 81% used [0x00000000ed400000,0x00000000ef1a0f70,0x00000000ef880000)
  to   space 38912K, 0% used [0x00000000eae00000,0x00000000eae00000,0x00000000ed400000)
 ParOldGen       total 125440K, used 90445K [0x00000000a0000000, 0x00000000a7a80000, 0x00000000e0000000)
  object space 125440K, 72% used [0x00000000a0000000,0x00000000a58536b0,0x00000000a7a80000)
 Metaspace       used 106334K, capacity 113728K, committed 114048K, reserved 1148928K
  class space    used 13386K, capacity 14626K, committed 14720K, reserved 1048576K
Event: 6854.083 GC heap after
Heap after GC invocations=63 (full 4):
 PSYoungGen      total 217088K, used 32807K [0x00000000e0000000, 0x00000000f1100000, 0x0000000100000000)
  eden space 178176K, 0% used [0x00000000e0000000,0x00000000e0000000,0x00000000eae00000)
  from space 38912K, 84% used [0x00000000eae00000,0x00000000ece09ec8,0x00000000ed400000)
  to   space 40960K, 0% used [0x00000000ee900000,0x00000000ee900000,0x00000000f1100000)
 ParOldGen       total 125440K, used 90445K [0x00000000a0000000, 0x00000000a7a80000, 0x00000000e0000000)
  object space 125440K, 72% used [0x00000000a0000000,0x00000000a58536b0,0x00000000a7a80000)
 Metaspace       used 106334K, capacity 113728K, committed 114048K, reserved 1148928K
  class space    used 13386K, capacity 14626K, committed 14720K, reserved 1048576K
}
Event: 6856.781 GC heap before
{Heap before GC invocations=64 (full 4):
 PSYoungGen      total 217088K, used 210983K [0x00000000e0000000, 0x00000000f1100000, 0x0000000100000000)
  eden space 178176K, 100% used [0x00000000e0000000,0x00000000eae00000,0x00000000eae00000)
  from space 38912K, 84% used [0x00000000eae00000,0x00000000ece09ec8,0x00000000ed400000)
  to   space 40960K, 0% used [0x00000000ee900000,0x00000000ee900000,0x00000000f1100000)
 ParOldGen       total 125440K, used 90445K [0x00000000a0000000, 0x00000000a7a80000, 0x00000000e0000000)
  object space 125440K, 72% used [0x00000000a0000000,0x00000000a58536b0,0x00000000a7a80000)
 Metaspace       used 106393K, capacity 113812K, committed 114048K, reserved 1148928K
  class space    used 13386K, capacity 14626K, committed 14720K, reserved 1048576K
Event: 6856.911 GC heap after
Heap after GC invocations=64 (full 4):
 PSYoungGen      total 237056K, used 32094K [0x00000000e0000000, 0x00000000f1800000, 0x0000000100000000)
  eden space 196096K, 0% used [0x00000000e0000000,0x00000000e0000000,0x00000000ebf80000)
  from space 40960K, 78% used [0x00000000ee900000,0x00000000f0857b38,0x00000000f1100000)
  to   space 42496K, 0% used [0x00000000ebf80000,0x00000000ebf80000,0x00000000ee900000)
 ParOldGen       total 125440K, used 91585K [0x00000000a0000000, 0x00000000a7a80000, 0x00000000e0000000)
  object space 125440K, 73% used [0x00000000a0000000,0x00000000a5970730,0x00000000a7a80000)
 Metaspace       used 106393K, capacity 113812K, committed 114048K, reserved 1148928K
  class space    used 13386K, capacity 14626K, committed 14720K, reserved 1048576K
}
Event: 6860.490 GC heap before
{Heap before GC invocations=65 (full 4):
 PSYoungGen      total 237056K, used 228190K [0x00000000e0000000, 0x00000000f1800000, 0x0000000100000000)
  eden space 196096K, 100% used [0x00000000e0000000,0x00000000ebf80000,0x00000000ebf80000)
  from space 40960K, 78% used [0x00000000ee900000,0x00000000f0857b38,0x00000000f1100000)
  to   space 42496K, 0% used [0x00000000ebf80000,0x00000000ebf80000,0x00000000ee900000)
 ParOldGen       total 125440K, used 91585K [0x00000000a0000000, 0x00000000a7a80000, 0x00000000e0000000)
  object space 125440K, 73% used [0x00000000a0000000,0x00000000a5970730,0x00000000a7a80000)
 Metaspace       used 106429K, capacity 113820K, committed 114048K, reserved 1148928K
  class space    used 13387K, capacity 14628K, committed 14720K, reserved 1048576K
Event: 6860.642 GC heap after
Heap after GC invocations=65 (full 4):
 PSYoungGen      total 238592K, used 30774K [0x00000000e0000000, 0x00000000f2d80000, 0x0000000100000000)
  eden space 196096K, 0% used [0x00000000e0000000,0x00000000e0000000,0x00000000ebf80000)
  from space 42496K, 72% used [0x00000000ebf80000,0x00000000edd8dbd0,0x00000000ee900000)
  to   space 42496K, 0% used [0x00000000f0400000,0x00000000f0400000,0x00000000f2d80000)
 ParOldGen       total 125440K, used 92513K [0x00000000a0000000, 0x00000000a7a80000, 0x00000000e0000000)
  object space 125440K, 73% used [0x00000000a0000000,0x00000000a5a58750,0x00000000a7a80000)
 Metaspace       used 106429K, capacity 113820K, committed 114048K, reserved 1148928K
  class space    used 13387K, capacity 14628K, committed 14720K, reserved 1048576K
}
Event: 6863.632 GC heap before
{Heap before GC invocations=66 (full 4):
 PSYoungGen      total 238592K, used 226870K [0x00000000e0000000, 0x00000000f2d80000, 0x0000000100000000)
  eden space 196096K, 100% used [0x00000000e0000000,0x00000000ebf80000,0x00000000ebf80000)
  from space 42496K, 72% used [0x00000000ebf80000,0x00000000edd8dbd0,0x00000000ee900000)
  to   space 42496K, 0% used [0x00000000f0400000,0x00000000f0400000,0x00000000f2d80000)
 ParOldGen       total 125440K, used 92513K [0x00000000a0000000, 0x00000000a7a80000, 0x00000000e0000000)
  object space 125440K, 73% used [0x00000000a0000000,0x00000000a5a58750,0x00000000a7a80000)
 Metaspace       used 106474K, capacity 113884K, committed 114048K, reserved 1148928K
  class space    used 13387K, capacity 14628K, committed 14720K, reserved 1048576K
Event: 6863.864 GC heap after
Heap after GC invocations=66 (full 4):
 PSYoungGen      total 266240K, used 29026K [0x00000000e0000000, 0x00000000f3080000, 0x0000000100000000)
  eden space 223744K, 0% used [0x00000000e0000000,0x00000000e0000000,0x00000000eda80000)
  from space 42496K, 68% used [0x00000000f0400000,0x00000000f20589d8,0x00000000f2d80000)
  to   space 42496K, 0% used [0x00000000eda80000,0x00000000eda80000,0x00000000f0400000)
 ParOldGen       total 125440K, used 93057K [0x00000000a0000000, 0x00000000a7a80000, 0x00000000e0000000)
  object space 125440K, 74% used [0x00000000a0000000,0x00000000a5ae0790,0x00000000a7a80000)
 Metaspace       used 106474K, capacity 113884K, committed 114048K, reserved 1148928K
  class space    used 13387K, capacity 14628K, committed 14720K, reserved 1048576K
}
Event: 6866.643 GC heap before
{Heap before GC invocations=67 (full 4):
 PSYoungGen      total 266240K, used 252770K [0x00000000e0000000, 0x00000000f3080000, 0x0000000100000000)
  eden space 223744K, 100% used [0x00000000e0000000,0x00000000eda80000,0x00000000eda80000)
  from space 42496K, 68% used [0x00000000f0400000,0x00000000f20589d8,0x00000000f2d80000)
  to   space 42496K, 0% used [0x00000000eda80000,0x00000000eda80000,0x00000000f0400000)
 ParOldGen       total 125440K, used 93057K [0x00000000a0000000, 0x00000000a7a80000, 0x00000000e0000000)
  object space 125440K, 74% used [0x00000000a0000000,0x00000000a5ae0790,0x00000000a7a80000)
 Metaspace       used 106508K, capacity 113896K, committed 114048K, reserved 1148928K
  class space    used 13388K, capacity 14630K, committed 14720K, reserved 1048576K
Event: 6866.780 GC heap after
Heap after GC invocations=67 (full 4):
 PSYoungGen      total 266240K, used 15523K [0x00000000e0000000, 0x00000000f5000000, 0x0000000100000000)
  eden space 223744K, 0% used [0x00000000e0000000,0x00000000e0000000,0x00000000eda80000)
  from space 42496K, 36% used [0x00000000eda80000,0x00000000ee9a8fd8,0x00000000f0400000)
  to   space 42496K, 0% used [0x00000000f2680000,0x00000000f2680000,0x00000000f5000000)
 ParOldGen       total 125440K, used 101940K [0x00000000a0000000, 0x00000000a7a80000, 0x00000000e0000000)
  object space 125440K, 81% used [0x00000000a0000000,0x00000000a638d0b0,0x00000000a7a80000)
 Metaspace       used 106508K, capacity 113896K, committed 114048K, reserved 1148928K
  class space    used 13388K, capacity 14630K, committed 14720K, reserved 1048576K
}

